

Started GET "/rails/info/properties" for 127.0.0.1 at 2011-10-11 21:30:59 -0400

RuntimeError (Please install the mysql2 adapter: `gem install activerecord-mysql2-adapter` (no such file to load -- active_record/connection_adapters/mysql2_adapter)):
  

Rendered /home/james/.rvm/gems/ruby-1.9.2-p290/gems/actionpack-3.0.7/lib/action_dispatch/middleware/templates/rescues/_trace.erb (2.2ms)
Rendered /home/james/.rvm/gems/ruby-1.9.2-p290/gems/actionpack-3.0.7/lib/action_dispatch/middleware/templates/rescues/_request_and_response.erb (20.1ms)
Rendered /home/james/.rvm/gems/ruby-1.9.2-p290/gems/actionpack-3.0.7/lib/action_dispatch/middleware/templates/rescues/diagnostics.erb within rescues/layout (31.4ms)


Started GET "/rails/info/properties" for 127.0.0.1 at 2011-10-11 21:32:38 -0400
  Processing by Rails::InfoController#properties as 
  [1m[36mSQL (0.4ms)[0m  [1mSHOW TABLES[0m
Rendered inline template (0.8ms)
Completed 200 OK in 98ms (Views: 2.6ms | ActiveRecord: 0.4ms)
  [1m[36mSQL (0.3ms)[0m  [1mSHOW TABLES[0m
  [1m[35mSQL (111.4ms)[0m  CREATE TABLE `schema_migrations` (`version` varchar(255) NOT NULL) ENGINE=InnoDB
  [1m[36mSQL (0.5ms)[0m  [1mSHOW KEYS FROM `schema_migrations`[0m
  [1m[35mSQL (223.8ms)[0m  CREATE UNIQUE INDEX `unique_schema_migrations` ON `schema_migrations` (`version`)
  [1m[36mSQL (0.4ms)[0m  [1mSHOW TABLES[0m
  [1m[36mSQL (0.3ms)[0m  [1mSHOW TABLES[0m
  [1m[35mSQL (0.3ms)[0m  SHOW TABLES
  [1m[36mSQL (0.3ms)[0m  [1mSELECT `schema_migrations`.`version` FROM `schema_migrations`[0m
Migrating to UserAddress (20111012015719)
  [1m[35mSQL (74.6ms)[0m  INSERT INTO `schema_migrations` (`version`) VALUES ('20111012015719')
  [1m[36mSQL (0.4ms)[0m  [1mSHOW TABLES[0m
  [1m[35mSQL (0.3ms)[0m  SELECT `schema_migrations`.`version` FROM `schema_migrations`
  [1m[36mSQL (0.3ms)[0m  [1mSHOW TABLES[0m
  [1m[36mSQL (0.3ms)[0m  [1mSHOW TABLES[0m
  [1m[35mSQL (0.4ms)[0m  SHOW TABLES
  [1m[36mSQL (0.2ms)[0m  [1mSELECT `schema_migrations`.`version` FROM `schema_migrations`[0m
Migrating to UserAddress (20111012015719)
  [1m[35mSQL (0.4ms)[0m  SHOW TABLES
  [1m[36mSQL (0.1ms)[0m  [1mSELECT `schema_migrations`.`version` FROM `schema_migrations`[0m
  [1m[35mSQL (0.3ms)[0m  SHOW TABLES
